[2015-01-06 03:48:04] production.ERROR: exception 'Symfony\Component\HttpKernel\Exception\NotFoundHttpException' in C:\xampp\htdocs\easy_ticket\vendor\laravel\framework\src\Illuminate\Routing\RouteCollection.php:140
Stack trace:
#0 C:\xampp\htdocs\easy_ticket\vendor\laravel\framework\src\Illuminate\Routing\Router.php(1021): Illuminate\Routing\RouteCollection->match(Object(Illuminate\Http\Request))
#1 C:\xampp\htdocs\easy_ticket\vendor\laravel\framework\src\Illuminate\Routing\Router.php(989): Illuminate\Routing\Router->findRoute(Object(Illuminate\Http\Request))
#2 C:\xampp\htdocs\easy_ticket\vendor\laravel\framework\src\Illuminate\Routing\Router.php(968): Illuminate\Routing\Router->dispatchToRoute(Object(Illuminate\Http\Request))
#3 C:\xampp\htdocs\easy_ticket\vendor\laravel\framework\src\Illuminate\Foundation\Application.php(738): Illuminate\Routing\Router->dispatch(Object(Illuminate\Http\Request))
#4 C:\xampp\htdocs\easy_ticket\vendor\laravel\framework\src\Illuminate\Foundation\Application.php(708): Illuminate\Foundation\Application->dispatch(Object(Illuminate\Http\Request))
#5 C:\xampp\htdocs\easy_ticket\vendor\laravel\framework\src\Illuminate\Http\FrameGuard.php(38): Illuminate\Foundation\Application->handle(Object(Illuminate\Http\Request), 1, true)
#6 C:\xampp\htdocs\easy_ticket\vendor\laravel\framework\src\Illuminate\Session\Middleware.php(72): Illuminate\Http\FrameGuard->handle(Object(Illuminate\Http\Request), 1, true)
#7 C:\xampp\htdocs\easy_ticket\vendor\laravel\framework\src\Illuminate\Cookie\Queue.php(47): Illuminate\Session\Middleware->handle(Object(Illuminate\Http\Request), 1, true)
#8 C:\xampp\htdocs\easy_ticket\vendor\laravel\framework\src\Illuminate\Cookie\Guard.php(51): Illuminate\Cookie\Queue->handle(Object(Illuminate\Http\Request), 1, true)
#9 C:\xampp\htdocs\easy_ticket\vendor\stack\builder\src\Stack\StackedHttpKernel.php(23): Illuminate\Cookie\Guard->handle(Object(Illuminate\Http\Request), 1, true)
#10 C:\xampp\htdocs\easy_ticket\vendor\laravel\framework\src\Illuminate\Foundation\Application.php(606): Stack\StackedHttpKernel->handle(Object(Illuminate\Http\Request))
#11 C:\xampp\htdocs\easy_ticket\public\index.php(49): Illuminate\Foundation\Application->run()
#12 {main} [] []
[2015-01-06 03:48:11] production.ERROR: exception 'Symfony\Component\HttpKernel\Exception\NotFoundHttpException' in C:\xampp\htdocs\easy_ticket\vendor\laravel\framework\src\Illuminate\Routing\RouteCollection.php:140
Stack trace:
#0 C:\xampp\htdocs\easy_ticket\vendor\laravel\framework\src\Illuminate\Routing\Router.php(1021): Illuminate\Routing\RouteCollection->match(Object(Illuminate\Http\Request))
#1 C:\xampp\htdocs\easy_ticket\vendor\laravel\framework\src\Illuminate\Routing\Router.php(989): Illuminate\Routing\Router->findRoute(Object(Illuminate\Http\Request))
#2 C:\xampp\htdocs\easy_ticket\vendor\laravel\framework\src\Illuminate\Routing\Router.php(968): Illuminate\Routing\Router->dispatchToRoute(Object(Illuminate\Http\Request))
#3 C:\xampp\htdocs\easy_ticket\vendor\laravel\framework\src\Illuminate\Foundation\Application.php(738): Illuminate\Routing\Router->dispatch(Object(Illuminate\Http\Request))
#4 C:\xampp\htdocs\easy_ticket\vendor\laravel\framework\src\Illuminate\Foundation\Application.php(708): Illuminate\Foundation\Application->dispatch(Object(Illuminate\Http\Request))
#5 C:\xampp\htdocs\easy_ticket\vendor\laravel\framework\src\Illuminate\Http\FrameGuard.php(38): Illuminate\Foundation\Application->handle(Object(Illuminate\Http\Request), 1, true)
#6 C:\xampp\htdocs\easy_ticket\vendor\laravel\framework\src\Illuminate\Session\Middleware.php(72): Illuminate\Http\FrameGuard->handle(Object(Illuminate\Http\Request), 1, true)
#7 C:\xampp\htdocs\easy_ticket\vendor\laravel\framework\src\Illuminate\Cookie\Queue.php(47): Illuminate\Session\Middleware->handle(Object(Illuminate\Http\Request), 1, true)
#8 C:\xampp\htdocs\easy_ticket\vendor\laravel\framework\src\Illuminate\Cookie\Guard.php(51): Illuminate\Cookie\Queue->handle(Object(Illuminate\Http\Request), 1, true)
#9 C:\xampp\htdocs\easy_ticket\vendor\stack\builder\src\Stack\StackedHttpKernel.php(23): Illuminate\Cookie\Guard->handle(Object(Illuminate\Http\Request), 1, true)
#10 C:\xampp\htdocs\easy_ticket\vendor\laravel\framework\src\Illuminate\Foundation\Application.php(606): Stack\StackedHttpKernel->handle(Object(Illuminate\Http\Request))
#11 C:\xampp\htdocs\easy_ticket\public\index.php(49): Illuminate\Foundation\Application->run()
#12 {main} [] []
[2015-01-06 03:48:11] production.ERROR: exception 'Symfony\Component\HttpKernel\Exception\NotFoundHttpException' in C:\xampp\htdocs\easy_ticket\vendor\laravel\framework\src\Illuminate\Routing\RouteCollection.php:140
Stack trace:
#0 C:\xampp\htdocs\easy_ticket\vendor\laravel\framework\src\Illuminate\Routing\Router.php(1021): Illuminate\Routing\RouteCollection->match(Object(Illuminate\Http\Request))
#1 C:\xampp\htdocs\easy_ticket\vendor\laravel\framework\src\Illuminate\Routing\Router.php(989): Illuminate\Routing\Router->findRoute(Object(Illuminate\Http\Request))
#2 C:\xampp\htdocs\easy_ticket\vendor\laravel\framework\src\Illuminate\Routing\Router.php(968): Illuminate\Routing\Router->dispatchToRoute(Object(Illuminate\Http\Request))
#3 C:\xampp\htdocs\easy_ticket\vendor\laravel\framework\src\Illuminate\Foundation\Application.php(738): Illuminate\Routing\Router->dispatch(Object(Illuminate\Http\Request))
#4 C:\xampp\htdocs\easy_ticket\vendor\laravel\framework\src\Illuminate\Foundation\Application.php(708): Illuminate\Foundation\Application->dispatch(Object(Illuminate\Http\Request))
#5 C:\xampp\htdocs\easy_ticket\vendor\laravel\framework\src\Illuminate\Http\FrameGuard.php(38): Illuminate\Foundation\Application->handle(Object(Illuminate\Http\Request), 1, true)
#6 C:\xampp\htdocs\easy_ticket\vendor\laravel\framework\src\Illuminate\Session\Middleware.php(72): Illuminate\Http\FrameGuard->handle(Object(Illuminate\Http\Request), 1, true)
#7 C:\xampp\htdocs\easy_ticket\vendor\laravel\framework\src\Illuminate\Cookie\Queue.php(47): Illuminate\Session\Middleware->handle(Object(Illuminate\Http\Request), 1, true)
#8 C:\xampp\htdocs\easy_ticket\vendor\laravel\framework\src\Illuminate\Cookie\Guard.php(51): Illuminate\Cookie\Queue->handle(Object(Illuminate\Http\Request), 1, true)
#9 C:\xampp\htdocs\easy_ticket\vendor\stack\builder\src\Stack\StackedHttpKernel.php(23): Illuminate\Cookie\Guard->handle(Object(Illuminate\Http\Request), 1, true)
#10 C:\xampp\htdocs\easy_ticket\vendor\laravel\framework\src\Illuminate\Foundation\Application.php(606): Stack\StackedHttpKernel->handle(Object(Illuminate\Http\Request))
#11 C:\xampp\htdocs\easy_ticket\public\index.php(49): Illuminate\Foundation\Application->run()
#12 {main} [] []
[2015-01-06 03:51:53] production.ERROR: exception 'Symfony\Component\HttpKernel\Exception\NotFoundHttpException' in C:\xampp\htdocs\easy_ticket\vendor\laravel\framework\src\Illuminate\Routing\RouteCollection.php:140
Stack trace:
#0 C:\xampp\htdocs\easy_ticket\vendor\laravel\framework\src\Illuminate\Routing\Router.php(1021): Illuminate\Routing\RouteCollection->match(Object(Illuminate\Http\Request))
#1 C:\xampp\htdocs\easy_ticket\vendor\laravel\framework\src\Illuminate\Routing\Router.php(989): Illuminate\Routing\Router->findRoute(Object(Illuminate\Http\Request))
#2 C:\xampp\htdocs\easy_ticket\vendor\laravel\framework\src\Illuminate\Routing\Router.php(968): Illuminate\Routing\Router->dispatchToRoute(Object(Illuminate\Http\Request))
#3 C:\xampp\htdocs\easy_ticket\vendor\laravel\framework\src\Illuminate\Foundation\Application.php(738): Illuminate\Routing\Router->dispatch(Object(Illuminate\Http\Request))
#4 C:\xampp\htdocs\easy_ticket\vendor\laravel\framework\src\Illuminate\Foundation\Application.php(708): Illuminate\Foundation\Application->dispatch(Object(Illuminate\Http\Request))
#5 C:\xampp\htdocs\easy_ticket\vendor\laravel\framework\src\Illuminate\Http\FrameGuard.php(38): Illuminate\Foundation\Application->handle(Object(Illuminate\Http\Request), 1, true)
#6 C:\xampp\htdocs\easy_ticket\vendor\laravel\framework\src\Illuminate\Session\Middleware.php(72): Illuminate\Http\FrameGuard->handle(Object(Illuminate\Http\Request), 1, true)
#7 C:\xampp\htdocs\easy_ticket\vendor\laravel\framework\src\Illuminate\Cookie\Queue.php(47): Illuminate\Session\Middleware->handle(Object(Illuminate\Http\Request), 1, true)
#8 C:\xampp\htdocs\easy_ticket\vendor\laravel\framework\src\Illuminate\Cookie\Guard.php(51): Illuminate\Cookie\Queue->handle(Object(Illuminate\Http\Request), 1, true)
#9 C:\xampp\htdocs\easy_ticket\vendor\stack\builder\src\Stack\StackedHttpKernel.php(23): Illuminate\Cookie\Guard->handle(Object(Illuminate\Http\Request), 1, true)
#10 C:\xampp\htdocs\easy_ticket\vendor\laravel\framework\src\Illuminate\Foundation\Application.php(606): Stack\StackedHttpKernel->handle(Object(Illuminate\Http\Request))
#11 C:\xampp\htdocs\easy_ticket\public\index.php(49): Illuminate\Foundation\Application->run()
#12 {main} [] []
[2015-01-06 05:30:02] production.ERROR: exception 'Symfony\Component\HttpKernel\Exception\NotFoundHttpException' in C:\xampp\htdocs\easy_ticket\vendor\laravel\framework\src\Illuminate\Routing\RouteCollection.php:140
Stack trace:
#0 C:\xampp\htdocs\easy_ticket\vendor\laravel\framework\src\Illuminate\Routing\Router.php(1021): Illuminate\Routing\RouteCollection->match(Object(Illuminate\Http\Request))
#1 C:\xampp\htdocs\easy_ticket\vendor\laravel\framework\src\Illuminate\Routing\Router.php(989): Illuminate\Routing\Router->findRoute(Object(Illuminate\Http\Request))
#2 C:\xampp\htdocs\easy_ticket\vendor\laravel\framework\src\Illuminate\Routing\Router.php(968): Illuminate\Routing\Router->dispatchToRoute(Object(Illuminate\Http\Request))
#3 C:\xampp\htdocs\easy_ticket\vendor\laravel\framework\src\Illuminate\Foundation\Application.php(738): Illuminate\Routing\Router->dispatch(Object(Illuminate\Http\Request))
#4 C:\xampp\htdocs\easy_ticket\vendor\laravel\framework\src\Illuminate\Foundation\Application.php(708): Illuminate\Foundation\Application->dispatch(Object(Illuminate\Http\Request))
#5 C:\xampp\htdocs\easy_ticket\vendor\laravel\framework\src\Illuminate\Http\FrameGuard.php(38): Illuminate\Foundation\Application->handle(Object(Illuminate\Http\Request), 1, true)
#6 C:\xampp\htdocs\easy_ticket\vendor\laravel\framework\src\Illuminate\Session\Middleware.php(72): Illuminate\Http\FrameGuard->handle(Object(Illuminate\Http\Request), 1, true)
#7 C:\xampp\htdocs\easy_ticket\vendor\laravel\framework\src\Illuminate\Cookie\Queue.php(47): Illuminate\Session\Middleware->handle(Object(Illuminate\Http\Request), 1, true)
#8 C:\xampp\htdocs\easy_ticket\vendor\laravel\framework\src\Illuminate\Cookie\Guard.php(51): Illuminate\Cookie\Queue->handle(Object(Illuminate\Http\Request), 1, true)
#9 C:\xampp\htdocs\easy_ticket\vendor\stack\builder\src\Stack\StackedHttpKernel.php(23): Illuminate\Cookie\Guard->handle(Object(Illuminate\Http\Request), 1, true)
#10 C:\xampp\htdocs\easy_ticket\vendor\laravel\framework\src\Illuminate\Foundation\Application.php(606): Stack\StackedHttpKernel->handle(Object(Illuminate\Http\Request))
#11 C:\xampp\htdocs\easy_ticket\public\index.php(49): Illuminate\Foundation\Application->run()
#12 {main} [] []
[2015-01-06 05:30:08] production.ERROR: exception 'Symfony\Component\HttpKernel\Exception\NotFoundHttpException' in C:\xampp\htdocs\easy_ticket\vendor\laravel\framework\src\Illuminate\Routing\RouteCollection.php:140
Stack trace:
#0 C:\xampp\htdocs\easy_ticket\vendor\laravel\framework\src\Illuminate\Routing\Router.php(1021): Illuminate\Routing\RouteCollection->match(Object(Illuminate\Http\Request))
#1 C:\xampp\htdocs\easy_ticket\vendor\laravel\framework\src\Illuminate\Routing\Router.php(989): Illuminate\Routing\Router->findRoute(Object(Illuminate\Http\Request))
#2 C:\xampp\htdocs\easy_ticket\vendor\laravel\framework\src\Illuminate\Routing\Router.php(968): Illuminate\Routing\Router->dispatchToRoute(Object(Illuminate\Http\Request))
#3 C:\xampp\htdocs\easy_ticket\vendor\laravel\framework\src\Illuminate\Foundation\Application.php(738): Illuminate\Routing\Router->dispatch(Object(Illuminate\Http\Request))
#4 C:\xampp\htdocs\easy_ticket\vendor\laravel\framework\src\Illuminate\Foundation\Application.php(708): Illuminate\Foundation\Application->dispatch(Object(Illuminate\Http\Request))
#5 C:\xampp\htdocs\easy_ticket\vendor\laravel\framework\src\Illuminate\Http\FrameGuard.php(38): Illuminate\Foundation\Application->handle(Object(Illuminate\Http\Request), 1, true)
#6 C:\xampp\htdocs\easy_ticket\vendor\laravel\framework\src\Illuminate\Session\Middleware.php(72): Illuminate\Http\FrameGuard->handle(Object(Illuminate\Http\Request), 1, true)
#7 C:\xampp\htdocs\easy_ticket\vendor\laravel\framework\src\Illuminate\Cookie\Queue.php(47): Illuminate\Session\Middleware->handle(Object(Illuminate\Http\Request), 1, true)
#8 C:\xampp\htdocs\easy_ticket\vendor\laravel\framework\src\Illuminate\Cookie\Guard.php(51): Illuminate\Cookie\Queue->handle(Object(Illuminate\Http\Request), 1, true)
#9 C:\xampp\htdocs\easy_ticket\vendor\stack\builder\src\Stack\StackedHttpKernel.php(23): Illuminate\Cookie\Guard->handle(Object(Illuminate\Http\Request), 1, true)
#10 C:\xampp\htdocs\easy_ticket\vendor\laravel\framework\src\Illuminate\Foundation\Application.php(606): Stack\StackedHttpKernel->handle(Object(Illuminate\Http\Request))
#11 C:\xampp\htdocs\easy_ticket\public\index.php(49): Illuminate\Foundation\Application->run()
#12 {main} [] []
[2015-01-06 05:34:16] production.ERROR: exception 'Symfony\Component\HttpKernel\Exception\NotFoundHttpException' in C:\xampp\htdocs\easy_ticket\vendor\laravel\framework\src\Illuminate\Routing\RouteCollection.php:140
Stack trace:
#0 C:\xampp\htdocs\easy_ticket\vendor\laravel\framework\src\Illuminate\Routing\Router.php(1021): Illuminate\Routing\RouteCollection->match(Object(Illuminate\Http\Request))
#1 C:\xampp\htdocs\easy_ticket\vendor\laravel\framework\src\Illuminate\Routing\Router.php(989): Illuminate\Routing\Router->findRoute(Object(Illuminate\Http\Request))
#2 C:\xampp\htdocs\easy_ticket\vendor\laravel\framework\src\Illuminate\Routing\Router.php(968): Illuminate\Routing\Router->dispatchToRoute(Object(Illuminate\Http\Request))
#3 C:\xampp\htdocs\easy_ticket\vendor\laravel\framework\src\Illuminate\Foundation\Application.php(738): Illuminate\Routing\Router->dispatch(Object(Illuminate\Http\Request))
#4 C:\xampp\htdocs\easy_ticket\vendor\laravel\framework\src\Illuminate\Foundation\Application.php(708): Illuminate\Foundation\Application->dispatch(Object(Illuminate\Http\Request))
#5 C:\xampp\htdocs\easy_ticket\vendor\laravel\framework\src\Illuminate\Http\FrameGuard.php(38): Illuminate\Foundation\Application->handle(Object(Illuminate\Http\Request), 1, true)
#6 C:\xampp\htdocs\easy_ticket\vendor\laravel\framework\src\Illuminate\Session\Middleware.php(72): Illuminate\Http\FrameGuard->handle(Object(Illuminate\Http\Request), 1, true)
#7 C:\xampp\htdocs\easy_ticket\vendor\laravel\framework\src\Illuminate\Cookie\Queue.php(47): Illuminate\Session\Middleware->handle(Object(Illuminate\Http\Request), 1, true)
#8 C:\xampp\htdocs\easy_ticket\vendor\laravel\framework\src\Illuminate\Cookie\Guard.php(51): Illuminate\Cookie\Queue->handle(Object(Illuminate\Http\Request), 1, true)
#9 C:\xampp\htdocs\easy_ticket\vendor\stack\builder\src\Stack\StackedHttpKernel.php(23): Illuminate\Cookie\Guard->handle(Object(Illuminate\Http\Request), 1, true)
#10 C:\xampp\htdocs\easy_ticket\vendor\laravel\framework\src\Illuminate\Foundation\Application.php(606): Stack\StackedHttpKernel->handle(Object(Illuminate\Http\Request))
#11 C:\xampp\htdocs\easy_ticket\public\index.php(49): Illuminate\Foundation\Application->run()
#12 {main} [] []
[2015-01-06 05:34:21] production.ERROR: exception 'Symfony\Component\HttpKernel\Exception\NotFoundHttpException' in C:\xampp\htdocs\easy_ticket\vendor\laravel\framework\src\Illuminate\Routing\RouteCollection.php:140
Stack trace:
#0 C:\xampp\htdocs\easy_ticket\vendor\laravel\framework\src\Illuminate\Routing\Router.php(1021): Illuminate\Routing\RouteCollection->match(Object(Illuminate\Http\Request))
#1 C:\xampp\htdocs\easy_ticket\vendor\laravel\framework\src\Illuminate\Routing\Router.php(989): Illuminate\Routing\Router->findRoute(Object(Illuminate\Http\Request))
#2 C:\xampp\htdocs\easy_ticket\vendor\laravel\framework\src\Illuminate\Routing\Router.php(968): Illuminate\Routing\Router->dispatchToRoute(Object(Illuminate\Http\Request))
#3 C:\xampp\htdocs\easy_ticket\vendor\laravel\framework\src\Illuminate\Foundation\Application.php(738): Illuminate\Routing\Router->dispatch(Object(Illuminate\Http\Request))
#4 C:\xampp\htdocs\easy_ticket\vendor\laravel\framework\src\Illuminate\Foundation\Application.php(708): Illuminate\Foundation\Application->dispatch(Object(Illuminate\Http\Request))
#5 C:\xampp\htdocs\easy_ticket\vendor\laravel\framework\src\Illuminate\Http\FrameGuard.php(38): Illuminate\Foundation\Application->handle(Object(Illuminate\Http\Request), 1, true)
#6 C:\xampp\htdocs\easy_ticket\vendor\laravel\framework\src\Illuminate\Session\Middleware.php(72): Illuminate\Http\FrameGuard->handle(Object(Illuminate\Http\Request), 1, true)
#7 C:\xampp\htdocs\easy_ticket\vendor\laravel\framework\src\Illuminate\Cookie\Queue.php(47): Illuminate\Session\Middleware->handle(Object(Illuminate\Http\Request), 1, true)
#8 C:\xampp\htdocs\easy_ticket\vendor\laravel\framework\src\Illuminate\Cookie\Guard.php(51): Illuminate\Cookie\Queue->handle(Object(Illuminate\Http\Request), 1, true)
#9 C:\xampp\htdocs\easy_ticket\vendor\stack\builder\src\Stack\StackedHttpKernel.php(23): Illuminate\Cookie\Guard->handle(Object(Illuminate\Http\Request), 1, true)
#10 C:\xampp\htdocs\easy_ticket\vendor\laravel\framework\src\Illuminate\Foundation\Application.php(606): Stack\StackedHttpKernel->handle(Object(Illuminate\Http\Request))
#11 C:\xampp\htdocs\easy_ticket\public\index.php(49): Illuminate\Foundation\Application->run()
#12 {main} [] []
[2015-01-06 05:35:19] production.ERROR: exception 'Symfony\Component\HttpKernel\Exception\NotFoundHttpException' in C:\xampp\htdocs\easy_ticket\vendor\laravel\framework\src\Illuminate\Routing\RouteCollection.php:140
Stack trace:
#0 C:\xampp\htdocs\easy_ticket\vendor\laravel\framework\src\Illuminate\Routing\Router.php(1021): Illuminate\Routing\RouteCollection->match(Object(Illuminate\Http\Request))
#1 C:\xampp\htdocs\easy_ticket\vendor\laravel\framework\src\Illuminate\Routing\Router.php(989): Illuminate\Routing\Router->findRoute(Object(Illuminate\Http\Request))
#2 C:\xampp\htdocs\easy_ticket\vendor\laravel\framework\src\Illuminate\Routing\Router.php(968): Illuminate\Routing\Router->dispatchToRoute(Object(Illuminate\Http\Request))
#3 C:\xampp\htdocs\easy_ticket\vendor\laravel\framework\src\Illuminate\Foundation\Application.php(738): Illuminate\Routing\Router->dispatch(Object(Illuminate\Http\Request))
#4 C:\xampp\htdocs\easy_ticket\vendor\laravel\framework\src\Illuminate\Foundation\Application.php(708): Illuminate\Foundation\Application->dispatch(Object(Illuminate\Http\Request))
#5 C:\xampp\htdocs\easy_ticket\vendor\laravel\framework\src\Illuminate\Http\FrameGuard.php(38): Illuminate\Foundation\Application->handle(Object(Illuminate\Http\Request), 1, true)
#6 C:\xampp\htdocs\easy_ticket\vendor\laravel\framework\src\Illuminate\Session\Middleware.php(72): Illuminate\Http\FrameGuard->handle(Object(Illuminate\Http\Request), 1, true)
#7 C:\xampp\htdocs\easy_ticket\vendor\laravel\framework\src\Illuminate\Cookie\Queue.php(47): Illuminate\Session\Middleware->handle(Object(Illuminate\Http\Request), 1, true)
#8 C:\xampp\htdocs\easy_ticket\vendor\laravel\framework\src\Illuminate\Cookie\Guard.php(51): Illuminate\Cookie\Queue->handle(Object(Illuminate\Http\Request), 1, true)
#9 C:\xampp\htdocs\easy_ticket\vendor\stack\builder\src\Stack\StackedHttpKernel.php(23): Illuminate\Cookie\Guard->handle(Object(Illuminate\Http\Request), 1, true)
#10 C:\xampp\htdocs\easy_ticket\vendor\laravel\framework\src\Illuminate\Foundation\Application.php(606): Stack\StackedHttpKernel->handle(Object(Illuminate\Http\Request))
#11 C:\xampp\htdocs\easy_ticket\public\index.php(49): Illuminate\Foundation\Application->run()
#12 {main} [] []
[2015-01-06 05:36:54] production.ERROR: exception 'Symfony\Component\HttpKernel\Exception\NotFoundHttpException' in C:\xampp\htdocs\easy_ticket\vendor\laravel\framework\src\Illuminate\Routing\RouteCollection.php:140
Stack trace:
#0 C:\xampp\htdocs\easy_ticket\vendor\laravel\framework\src\Illuminate\Routing\Router.php(1021): Illuminate\Routing\RouteCollection->match(Object(Illuminate\Http\Request))
#1 C:\xampp\htdocs\easy_ticket\vendor\laravel\framework\src\Illuminate\Routing\Router.php(989): Illuminate\Routing\Router->findRoute(Object(Illuminate\Http\Request))
#2 C:\xampp\htdocs\easy_ticket\vendor\laravel\framework\src\Illuminate\Routing\Router.php(968): Illuminate\Routing\Router->dispatchToRoute(Object(Illuminate\Http\Request))
#3 C:\xampp\htdocs\easy_ticket\vendor\laravel\framework\src\Illuminate\Foundation\Application.php(738): Illuminate\Routing\Router->dispatch(Object(Illuminate\Http\Request))
#4 C:\xampp\htdocs\easy_ticket\vendor\laravel\framework\src\Illuminate\Foundation\Application.php(708): Illuminate\Foundation\Application->dispatch(Object(Illuminate\Http\Request))
#5 C:\xampp\htdocs\easy_ticket\vendor\laravel\framework\src\Illuminate\Http\FrameGuard.php(38): Illuminate\Foundation\Application->handle(Object(Illuminate\Http\Request), 1, true)
#6 C:\xampp\htdocs\easy_ticket\vendor\laravel\framework\src\Illuminate\Session\Middleware.php(72): Illuminate\Http\FrameGuard->handle(Object(Illuminate\Http\Request), 1, true)
#7 C:\xampp\htdocs\easy_ticket\vendor\laravel\framework\src\Illuminate\Cookie\Queue.php(47): Illuminate\Session\Middleware->handle(Object(Illuminate\Http\Request), 1, true)
#8 C:\xampp\htdocs\easy_ticket\vendor\laravel\framework\src\Illuminate\Cookie\Guard.php(51): Illuminate\Cookie\Queue->handle(Object(Illuminate\Http\Request), 1, true)
#9 C:\xampp\htdocs\easy_ticket\vendor\stack\builder\src\Stack\StackedHttpKernel.php(23): Illuminate\Cookie\Guard->handle(Object(Illuminate\Http\Request), 1, true)
#10 C:\xampp\htdocs\easy_ticket\vendor\laravel\framework\src\Illuminate\Foundation\Application.php(606): Stack\StackedHttpKernel->handle(Object(Illuminate\Http\Request))
#11 C:\xampp\htdocs\easy_ticket\public\index.php(49): Illuminate\Foundation\Application->run()
#12 {main} [] []
[2015-01-06 05:36:56] production.ERROR: exception 'Symfony\Component\HttpKernel\Exception\NotFoundHttpException' in C:\xampp\htdocs\easy_ticket\vendor\laravel\framework\src\Illuminate\Routing\RouteCollection.php:140
Stack trace:
#0 C:\xampp\htdocs\easy_ticket\vendor\laravel\framework\src\Illuminate\Routing\Router.php(1021): Illuminate\Routing\RouteCollection->match(Object(Illuminate\Http\Request))
#1 C:\xampp\htdocs\easy_ticket\vendor\laravel\framework\src\Illuminate\Routing\Router.php(989): Illuminate\Routing\Router->findRoute(Object(Illuminate\Http\Request))
#2 C:\xampp\htdocs\easy_ticket\vendor\laravel\framework\src\Illuminate\Routing\Router.php(968): Illuminate\Routing\Router->dispatchToRoute(Object(Illuminate\Http\Request))
#3 C:\xampp\htdocs\easy_ticket\vendor\laravel\framework\src\Illuminate\Foundation\Application.php(738): Illuminate\Routing\Router->dispatch(Object(Illuminate\Http\Request))
#4 C:\xampp\htdocs\easy_ticket\vendor\laravel\framework\src\Illuminate\Foundation\Application.php(708): Illuminate\Foundation\Application->dispatch(Object(Illuminate\Http\Request))
#5 C:\xampp\htdocs\easy_ticket\vendor\laravel\framework\src\Illuminate\Http\FrameGuard.php(38): Illuminate\Foundation\Application->handle(Object(Illuminate\Http\Request), 1, true)
#6 C:\xampp\htdocs\easy_ticket\vendor\laravel\framework\src\Illuminate\Session\Middleware.php(72): Illuminate\Http\FrameGuard->handle(Object(Illuminate\Http\Request), 1, true)
#7 C:\xampp\htdocs\easy_ticket\vendor\laravel\framework\src\Illuminate\Cookie\Queue.php(47): Illuminate\Session\Middleware->handle(Object(Illuminate\Http\Request), 1, true)
#8 C:\xampp\htdocs\easy_ticket\vendor\laravel\framework\src\Illuminate\Cookie\Guard.php(51): Illuminate\Cookie\Queue->handle(Object(Illuminate\Http\Request), 1, true)
#9 C:\xampp\htdocs\easy_ticket\vendor\stack\builder\src\Stack\StackedHttpKernel.php(23): Illuminate\Cookie\Guard->handle(Object(Illuminate\Http\Request), 1, true)
#10 C:\xampp\htdocs\easy_ticket\vendor\laravel\framework\src\Illuminate\Foundation\Application.php(606): Stack\StackedHttpKernel->handle(Object(Illuminate\Http\Request))
#11 C:\xampp\htdocs\easy_ticket\public\index.php(49): Illuminate\Foundation\Application->run()
#12 {main} [] []
[2015-01-06 05:37:10] production.ERROR: exception 'Symfony\Component\HttpKernel\Exception\NotFoundHttpException' in C:\xampp\htdocs\easy_ticket\vendor\laravel\framework\src\Illuminate\Routing\RouteCollection.php:140
Stack trace:
#0 C:\xampp\htdocs\easy_ticket\vendor\laravel\framework\src\Illuminate\Routing\Router.php(1021): Illuminate\Routing\RouteCollection->match(Object(Illuminate\Http\Request))
#1 C:\xampp\htdocs\easy_ticket\vendor\laravel\framework\src\Illuminate\Routing\Router.php(989): Illuminate\Routing\Router->findRoute(Object(Illuminate\Http\Request))
#2 C:\xampp\htdocs\easy_ticket\vendor\laravel\framework\src\Illuminate\Routing\Router.php(968): Illuminate\Routing\Router->dispatchToRoute(Object(Illuminate\Http\Request))
#3 C:\xampp\htdocs\easy_ticket\vendor\laravel\framework\src\Illuminate\Foundation\Application.php(738): Illuminate\Routing\Router->dispatch(Object(Illuminate\Http\Request))
#4 C:\xampp\htdocs\easy_ticket\vendor\laravel\framework\src\Illuminate\Foundation\Application.php(708): Illuminate\Foundation\Application->dispatch(Object(Illuminate\Http\Request))
#5 C:\xampp\htdocs\easy_ticket\vendor\laravel\framework\src\Illuminate\Http\FrameGuard.php(38): Illuminate\Foundation\Application->handle(Object(Illuminate\Http\Request), 1, true)
#6 C:\xampp\htdocs\easy_ticket\vendor\laravel\framework\src\Illuminate\Session\Middleware.php(72): Illuminate\Http\FrameGuard->handle(Object(Illuminate\Http\Request), 1, true)
#7 C:\xampp\htdocs\easy_ticket\vendor\laravel\framework\src\Illuminate\Cookie\Queue.php(47): Illuminate\Session\Middleware->handle(Object(Illuminate\Http\Request), 1, true)
#8 C:\xampp\htdocs\easy_ticket\vendor\laravel\framework\src\Illuminate\Cookie\Guard.php(51): Illuminate\Cookie\Queue->handle(Object(Illuminate\Http\Request), 1, true)
#9 C:\xampp\htdocs\easy_ticket\vendor\stack\builder\src\Stack\StackedHttpKernel.php(23): Illuminate\Cookie\Guard->handle(Object(Illuminate\Http\Request), 1, true)
#10 C:\xampp\htdocs\easy_ticket\vendor\laravel\framework\src\Illuminate\Foundation\Application.php(606): Stack\StackedHttpKernel->handle(Object(Illuminate\Http\Request))
#11 C:\xampp\htdocs\easy_ticket\public\index.php(49): Illuminate\Foundation\Application->run()
#12 {main} [] []
[2015-01-06 05:37:52] production.ERROR: exception 'Symfony\Component\HttpKernel\Exception\NotFoundHttpException' in C:\xampp\htdocs\easy_ticket\vendor\laravel\framework\src\Illuminate\Routing\RouteCollection.php:140
Stack trace:
#0 C:\xampp\htdocs\easy_ticket\vendor\laravel\framework\src\Illuminate\Routing\Router.php(1021): Illuminate\Routing\RouteCollection->match(Object(Illuminate\Http\Request))
#1 C:\xampp\htdocs\easy_ticket\vendor\laravel\framework\src\Illuminate\Routing\Router.php(989): Illuminate\Routing\Router->findRoute(Object(Illuminate\Http\Request))
#2 C:\xampp\htdocs\easy_ticket\vendor\laravel\framework\src\Illuminate\Routing\Router.php(968): Illuminate\Routing\Router->dispatchToRoute(Object(Illuminate\Http\Request))
#3 C:\xampp\htdocs\easy_ticket\vendor\laravel\framework\src\Illuminate\Foundation\Application.php(738): Illuminate\Routing\Router->dispatch(Object(Illuminate\Http\Request))
#4 C:\xampp\htdocs\easy_ticket\vendor\laravel\framework\src\Illuminate\Foundation\Application.php(708): Illuminate\Foundation\Application->dispatch(Object(Illuminate\Http\Request))
#5 C:\xampp\htdocs\easy_ticket\vendor\laravel\framework\src\Illuminate\Http\FrameGuard.php(38): Illuminate\Foundation\Application->handle(Object(Illuminate\Http\Request), 1, true)
#6 C:\xampp\htdocs\easy_ticket\vendor\laravel\framework\src\Illuminate\Session\Middleware.php(72): Illuminate\Http\FrameGuard->handle(Object(Illuminate\Http\Request), 1, true)
#7 C:\xampp\htdocs\easy_ticket\vendor\laravel\framework\src\Illuminate\Cookie\Queue.php(47): Illuminate\Session\Middleware->handle(Object(Illuminate\Http\Request), 1, true)
#8 C:\xampp\htdocs\easy_ticket\vendor\laravel\framework\src\Illuminate\Cookie\Guard.php(51): Illuminate\Cookie\Queue->handle(Object(Illuminate\Http\Request), 1, true)
#9 C:\xampp\htdocs\easy_ticket\vendor\stack\builder\src\Stack\StackedHttpKernel.php(23): Illuminate\Cookie\Guard->handle(Object(Illuminate\Http\Request), 1, true)
#10 C:\xampp\htdocs\easy_ticket\vendor\laravel\framework\src\Illuminate\Foundation\Application.php(606): Stack\StackedHttpKernel->handle(Object(Illuminate\Http\Request))
#11 C:\xampp\htdocs\easy_ticket\public\index.php(49): Illuminate\Foundation\Application->run()
#12 {main} [] []
[2015-01-06 05:39:57] production.ERROR: exception 'Symfony\Component\HttpKernel\Exception\NotFoundHttpException' in C:\xampp\htdocs\easy_ticket\vendor\laravel\framework\src\Illuminate\Routing\RouteCollection.php:140
Stack trace:
#0 C:\xampp\htdocs\easy_ticket\vendor\laravel\framework\src\Illuminate\Routing\Router.php(1021): Illuminate\Routing\RouteCollection->match(Object(Illuminate\Http\Request))
#1 C:\xampp\htdocs\easy_ticket\vendor\laravel\framework\src\Illuminate\Routing\Router.php(989): Illuminate\Routing\Router->findRoute(Object(Illuminate\Http\Request))
#2 C:\xampp\htdocs\easy_ticket\vendor\laravel\framework\src\Illuminate\Routing\Router.php(968): Illuminate\Routing\Router->dispatchToRoute(Object(Illuminate\Http\Request))
#3 C:\xampp\htdocs\easy_ticket\vendor\laravel\framework\src\Illuminate\Foundation\Application.php(738): Illuminate\Routing\Router->dispatch(Object(Illuminate\Http\Request))
#4 C:\xampp\htdocs\easy_ticket\vendor\laravel\framework\src\Illuminate\Foundation\Application.php(708): Illuminate\Foundation\Application->dispatch(Object(Illuminate\Http\Request))
#5 C:\xampp\htdocs\easy_ticket\vendor\laravel\framework\src\Illuminate\Http\FrameGuard.php(38): Illuminate\Foundation\Application->handle(Object(Illuminate\Http\Request), 1, true)
#6 C:\xampp\htdocs\easy_ticket\vendor\laravel\framework\src\Illuminate\Session\Middleware.php(72): Illuminate\Http\FrameGuard->handle(Object(Illuminate\Http\Request), 1, true)
#7 C:\xampp\htdocs\easy_ticket\vendor\laravel\framework\src\Illuminate\Cookie\Queue.php(47): Illuminate\Session\Middleware->handle(Object(Illuminate\Http\Request), 1, true)
#8 C:\xampp\htdocs\easy_ticket\vendor\laravel\framework\src\Illuminate\Cookie\Guard.php(51): Illuminate\Cookie\Queue->handle(Object(Illuminate\Http\Request), 1, true)
#9 C:\xampp\htdocs\easy_ticket\vendor\stack\builder\src\Stack\StackedHttpKernel.php(23): Illuminate\Cookie\Guard->handle(Object(Illuminate\Http\Request), 1, true)
#10 C:\xampp\htdocs\easy_ticket\vendor\laravel\framework\src\Illuminate\Foundation\Application.php(606): Stack\StackedHttpKernel->handle(Object(Illuminate\Http\Request))
#11 C:\xampp\htdocs\easy_ticket\public\index.php(49): Illuminate\Foundation\Application->run()
#12 {main} [] []
[2015-01-06 05:39:59] production.ERROR: exception 'Symfony\Component\HttpKernel\Exception\NotFoundHttpException' in C:\xampp\htdocs\easy_ticket\vendor\laravel\framework\src\Illuminate\Routing\RouteCollection.php:140
Stack trace:
#0 C:\xampp\htdocs\easy_ticket\vendor\laravel\framework\src\Illuminate\Routing\Router.php(1021): Illuminate\Routing\RouteCollection->match(Object(Illuminate\Http\Request))
#1 C:\xampp\htdocs\easy_ticket\vendor\laravel\framework\src\Illuminate\Routing\Router.php(989): Illuminate\Routing\Router->findRoute(Object(Illuminate\Http\Request))
#2 C:\xampp\htdocs\easy_ticket\vendor\laravel\framework\src\Illuminate\Routing\Router.php(968): Illuminate\Routing\Router->dispatchToRoute(Object(Illuminate\Http\Request))
#3 C:\xampp\htdocs\easy_ticket\vendor\laravel\framework\src\Illuminate\Foundation\Application.php(738): Illuminate\Routing\Router->dispatch(Object(Illuminate\Http\Request))
#4 C:\xampp\htdocs\easy_ticket\vendor\laravel\framework\src\Illuminate\Foundation\Application.php(708): Illuminate\Foundation\Application->dispatch(Object(Illuminate\Http\Request))
#5 C:\xampp\htdocs\easy_ticket\vendor\laravel\framework\src\Illuminate\Http\FrameGuard.php(38): Illuminate\Foundation\Application->handle(Object(Illuminate\Http\Request), 1, true)
#6 C:\xampp\htdocs\easy_ticket\vendor\laravel\framework\src\Illuminate\Session\Middleware.php(72): Illuminate\Http\FrameGuard->handle(Object(Illuminate\Http\Request), 1, true)
#7 C:\xampp\htdocs\easy_ticket\vendor\laravel\framework\src\Illuminate\Cookie\Queue.php(47): Illuminate\Session\Middleware->handle(Object(Illuminate\Http\Request), 1, true)
#8 C:\xampp\htdocs\easy_ticket\vendor\laravel\framework\src\Illuminate\Cookie\Guard.php(51): Illuminate\Cookie\Queue->handle(Object(Illuminate\Http\Request), 1, true)
#9 C:\xampp\htdocs\easy_ticket\vendor\stack\builder\src\Stack\StackedHttpKernel.php(23): Illuminate\Cookie\Guard->handle(Object(Illuminate\Http\Request), 1, true)
#10 C:\xampp\htdocs\easy_ticket\vendor\laravel\framework\src\Illuminate\Foundation\Application.php(606): Stack\StackedHttpKernel->handle(Object(Illuminate\Http\Request))
#11 C:\xampp\htdocs\easy_ticket\public\index.php(49): Illuminate\Foundation\Application->run()
#12 {main} [] []
[2015-01-06 05:49:57] production.ERROR: exception 'Symfony\Component\HttpKernel\Exception\NotFoundHttpException' in C:\xampp\htdocs\easy_ticket\vendor\laravel\framework\src\Illuminate\Routing\RouteCollection.php:140
Stack trace:
#0 C:\xampp\htdocs\easy_ticket\vendor\laravel\framework\src\Illuminate\Routing\Router.php(1021): Illuminate\Routing\RouteCollection->match(Object(Illuminate\Http\Request))
#1 C:\xampp\htdocs\easy_ticket\vendor\laravel\framework\src\Illuminate\Routing\Router.php(989): Illuminate\Routing\Router->findRoute(Object(Illuminate\Http\Request))
#2 C:\xampp\htdocs\easy_ticket\vendor\laravel\framework\src\Illuminate\Routing\Router.php(968): Illuminate\Routing\Router->dispatchToRoute(Object(Illuminate\Http\Request))
#3 C:\xampp\htdocs\easy_ticket\vendor\laravel\framework\src\Illuminate\Foundation\Application.php(738): Illuminate\Routing\Router->dispatch(Object(Illuminate\Http\Request))
#4 C:\xampp\htdocs\easy_ticket\vendor\laravel\framework\src\Illuminate\Foundation\Application.php(708): Illuminate\Foundation\Application->dispatch(Object(Illuminate\Http\Request))
#5 C:\xampp\htdocs\easy_ticket\vendor\laravel\framework\src\Illuminate\Http\FrameGuard.php(38): Illuminate\Foundation\Application->handle(Object(Illuminate\Http\Request), 1, true)
#6 C:\xampp\htdocs\easy_ticket\vendor\laravel\framework\src\Illuminate\Session\Middleware.php(72): Illuminate\Http\FrameGuard->handle(Object(Illuminate\Http\Request), 1, true)
#7 C:\xampp\htdocs\easy_ticket\vendor\laravel\framework\src\Illuminate\Cookie\Queue.php(47): Illuminate\Session\Middleware->handle(Object(Illuminate\Http\Request), 1, true)
#8 C:\xampp\htdocs\easy_ticket\vendor\laravel\framework\src\Illuminate\Cookie\Guard.php(51): Illuminate\Cookie\Queue->handle(Object(Illuminate\Http\Request), 1, true)
#9 C:\xampp\htdocs\easy_ticket\vendor\stack\builder\src\Stack\StackedHttpKernel.php(23): Illuminate\Cookie\Guard->handle(Object(Illuminate\Http\Request), 1, true)
#10 C:\xampp\htdocs\easy_ticket\vendor\laravel\framework\src\Illuminate\Foundation\Application.php(606): Stack\StackedHttpKernel->handle(Object(Illuminate\Http\Request))
#11 C:\xampp\htdocs\easy_ticket\public\index.php(49): Illuminate\Foundation\Application->run()
#12 {main} [] []
[2015-01-06 05:51:04] production.ERROR: exception 'Symfony\Component\HttpKernel\Exception\NotFoundHttpException' in C:\xampp\htdocs\easy_ticket\vendor\laravel\framework\src\Illuminate\Routing\RouteCollection.php:140
Stack trace:
#0 C:\xampp\htdocs\easy_ticket\vendor\laravel\framework\src\Illuminate\Routing\Router.php(1021): Illuminate\Routing\RouteCollection->match(Object(Illuminate\Http\Request))
#1 C:\xampp\htdocs\easy_ticket\vendor\laravel\framework\src\Illuminate\Routing\Router.php(989): Illuminate\Routing\Router->findRoute(Object(Illuminate\Http\Request))
#2 C:\xampp\htdocs\easy_ticket\vendor\laravel\framework\src\Illuminate\Routing\Router.php(968): Illuminate\Routing\Router->dispatchToRoute(Object(Illuminate\Http\Request))
#3 C:\xampp\htdocs\easy_ticket\vendor\laravel\framework\src\Illuminate\Foundation\Application.php(738): Illuminate\Routing\Router->dispatch(Object(Illuminate\Http\Request))
#4 C:\xampp\htdocs\easy_ticket\vendor\laravel\framework\src\Illuminate\Foundation\Application.php(708): Illuminate\Foundation\Application->dispatch(Object(Illuminate\Http\Request))
#5 C:\xampp\htdocs\easy_ticket\vendor\laravel\framework\src\Illuminate\Http\FrameGuard.php(38): Illuminate\Foundation\Application->handle(Object(Illuminate\Http\Request), 1, true)
#6 C:\xampp\htdocs\easy_ticket\vendor\laravel\framework\src\Illuminate\Session\Middleware.php(72): Illuminate\Http\FrameGuard->handle(Object(Illuminate\Http\Request), 1, true)
#7 C:\xampp\htdocs\easy_ticket\vendor\laravel\framework\src\Illuminate\Cookie\Queue.php(47): Illuminate\Session\Middleware->handle(Object(Illuminate\Http\Request), 1, true)
#8 C:\xampp\htdocs\easy_ticket\vendor\laravel\framework\src\Illuminate\Cookie\Guard.php(51): Illuminate\Cookie\Queue->handle(Object(Illuminate\Http\Request), 1, true)
#9 C:\xampp\htdocs\easy_ticket\vendor\stack\builder\src\Stack\StackedHttpKernel.php(23): Illuminate\Cookie\Guard->handle(Object(Illuminate\Http\Request), 1, true)
#10 C:\xampp\htdocs\easy_ticket\vendor\laravel\framework\src\Illuminate\Foundation\Application.php(606): Stack\StackedHttpKernel->handle(Object(Illuminate\Http\Request))
#11 C:\xampp\htdocs\easy_ticket\public\index.php(49): Illuminate\Foundation\Application->run()
#12 {main} [] []
[2015-01-06 05:51:25] production.ERROR: exception 'Symfony\Component\HttpKernel\Exception\NotFoundHttpException' in C:\xampp\htdocs\easy_ticket\vendor\laravel\framework\src\Illuminate\Routing\RouteCollection.php:140
Stack trace:
#0 C:\xampp\htdocs\easy_ticket\vendor\laravel\framework\src\Illuminate\Routing\Router.php(1021): Illuminate\Routing\RouteCollection->match(Object(Illuminate\Http\Request))
#1 C:\xampp\htdocs\easy_ticket\vendor\laravel\framework\src\Illuminate\Routing\Router.php(989): Illuminate\Routing\Router->findRoute(Object(Illuminate\Http\Request))
#2 C:\xampp\htdocs\easy_ticket\vendor\laravel\framework\src\Illuminate\Routing\Router.php(968): Illuminate\Routing\Router->dispatchToRoute(Object(Illuminate\Http\Request))
#3 C:\xampp\htdocs\easy_ticket\vendor\laravel\framework\src\Illuminate\Foundation\Application.php(738): Illuminate\Routing\Router->dispatch(Object(Illuminate\Http\Request))
#4 C:\xampp\htdocs\easy_ticket\vendor\laravel\framework\src\Illuminate\Foundation\Application.php(708): Illuminate\Foundation\Application->dispatch(Object(Illuminate\Http\Request))
#5 C:\xampp\htdocs\easy_ticket\vendor\laravel\framework\src\Illuminate\Http\FrameGuard.php(38): Illuminate\Foundation\Application->handle(Object(Illuminate\Http\Request), 1, true)
#6 C:\xampp\htdocs\easy_ticket\vendor\laravel\framework\src\Illuminate\Session\Middleware.php(72): Illuminate\Http\FrameGuard->handle(Object(Illuminate\Http\Request), 1, true)
#7 C:\xampp\htdocs\easy_ticket\vendor\laravel\framework\src\Illuminate\Cookie\Queue.php(47): Illuminate\Session\Middleware->handle(Object(Illuminate\Http\Request), 1, true)
#8 C:\xampp\htdocs\easy_ticket\vendor\laravel\framework\src\Illuminate\Cookie\Guard.php(51): Illuminate\Cookie\Queue->handle(Object(Illuminate\Http\Request), 1, true)
#9 C:\xampp\htdocs\easy_ticket\vendor\stack\builder\src\Stack\StackedHttpKernel.php(23): Illuminate\Cookie\Guard->handle(Object(Illuminate\Http\Request), 1, true)
#10 C:\xampp\htdocs\easy_ticket\vendor\laravel\framework\src\Illuminate\Foundation\Application.php(606): Stack\StackedHttpKernel->handle(Object(Illuminate\Http\Request))
#11 C:\xampp\htdocs\easy_ticket\public\index.php(49): Illuminate\Foundation\Application->run()
#12 {main} [] []
[2015-01-06 05:52:07] production.ERROR: exception 'Symfony\Component\HttpKernel\Exception\NotFoundHttpException' in C:\xampp\htdocs\easy_ticket\vendor\laravel\framework\src\Illuminate\Routing\RouteCollection.php:140
Stack trace:
#0 C:\xampp\htdocs\easy_ticket\vendor\laravel\framework\src\Illuminate\Routing\Router.php(1021): Illuminate\Routing\RouteCollection->match(Object(Illuminate\Http\Request))
#1 C:\xampp\htdocs\easy_ticket\vendor\laravel\framework\src\Illuminate\Routing\Router.php(989): Illuminate\Routing\Router->findRoute(Object(Illuminate\Http\Request))
#2 C:\xampp\htdocs\easy_ticket\vendor\laravel\framework\src\Illuminate\Routing\Router.php(968): Illuminate\Routing\Router->dispatchToRoute(Object(Illuminate\Http\Request))
#3 C:\xampp\htdocs\easy_ticket\vendor\laravel\framework\src\Illuminate\Foundation\Application.php(738): Illuminate\Routing\Router->dispatch(Object(Illuminate\Http\Request))
#4 C:\xampp\htdocs\easy_ticket\vendor\laravel\framework\src\Illuminate\Foundation\Application.php(708): Illuminate\Foundation\Application->dispatch(Object(Illuminate\Http\Request))
#5 C:\xampp\htdocs\easy_ticket\vendor\laravel\framework\src\Illuminate\Http\FrameGuard.php(38): Illuminate\Foundation\Application->handle(Object(Illuminate\Http\Request), 1, true)
#6 C:\xampp\htdocs\easy_ticket\vendor\laravel\framework\src\Illuminate\Session\Middleware.php(72): Illuminate\Http\FrameGuard->handle(Object(Illuminate\Http\Request), 1, true)
#7 C:\xampp\htdocs\easy_ticket\vendor\laravel\framework\src\Illuminate\Cookie\Queue.php(47): Illuminate\Session\Middleware->handle(Object(Illuminate\Http\Request), 1, true)
#8 C:\xampp\htdocs\easy_ticket\vendor\laravel\framework\src\Illuminate\Cookie\Guard.php(51): Illuminate\Cookie\Queue->handle(Object(Illuminate\Http\Request), 1, true)
#9 C:\xampp\htdocs\easy_ticket\vendor\stack\builder\src\Stack\StackedHttpKernel.php(23): Illuminate\Cookie\Guard->handle(Object(Illuminate\Http\Request), 1, true)
#10 C:\xampp\htdocs\easy_ticket\vendor\laravel\framework\src\Illuminate\Foundation\Application.php(606): Stack\StackedHttpKernel->handle(Object(Illuminate\Http\Request))
#11 C:\xampp\htdocs\easy_ticket\public\index.php(49): Illuminate\Foundation\Application->run()
#12 {main} [] []
[2015-01-06 07:36:44] production.ERROR: exception 'Symfony\Component\HttpKernel\Exception\NotFoundHttpException' in C:\xampp\htdocs\easy_ticket\vendor\laravel\framework\src\Illuminate\Routing\RouteCollection.php:140
Stack trace:
#0 C:\xampp\htdocs\easy_ticket\vendor\laravel\framework\src\Illuminate\Routing\Router.php(1021): Illuminate\Routing\RouteCollection->match(Object(Illuminate\Http\Request))
#1 C:\xampp\htdocs\easy_ticket\vendor\laravel\framework\src\Illuminate\Routing\Router.php(989): Illuminate\Routing\Router->findRoute(Object(Illuminate\Http\Request))
#2 C:\xampp\htdocs\easy_ticket\vendor\laravel\framework\src\Illuminate\Routing\Router.php(968): Illuminate\Routing\Router->dispatchToRoute(Object(Illuminate\Http\Request))
#3 C:\xampp\htdocs\easy_ticket\vendor\laravel\framework\src\Illuminate\Foundation\Application.php(738): Illuminate\Routing\Router->dispatch(Object(Illuminate\Http\Request))
#4 C:\xampp\htdocs\easy_ticket\vendor\laravel\framework\src\Illuminate\Foundation\Application.php(708): Illuminate\Foundation\Application->dispatch(Object(Illuminate\Http\Request))
#5 C:\xampp\htdocs\easy_ticket\vendor\laravel\framework\src\Illuminate\Http\FrameGuard.php(38): Illuminate\Foundation\Application->handle(Object(Illuminate\Http\Request), 1, true)
#6 C:\xampp\htdocs\easy_ticket\vendor\laravel\framework\src\Illuminate\Session\Middleware.php(72): Illuminate\Http\FrameGuard->handle(Object(Illuminate\Http\Request), 1, true)
#7 C:\xampp\htdocs\easy_ticket\vendor\laravel\framework\src\Illuminate\Cookie\Queue.php(47): Illuminate\Session\Middleware->handle(Object(Illuminate\Http\Request), 1, true)
#8 C:\xampp\htdocs\easy_ticket\vendor\laravel\framework\src\Illuminate\Cookie\Guard.php(51): Illuminate\Cookie\Queue->handle(Object(Illuminate\Http\Request), 1, true)
#9 C:\xampp\htdocs\easy_ticket\vendor\stack\builder\src\Stack\StackedHttpKernel.php(23): Illuminate\Cookie\Guard->handle(Object(Illuminate\Http\Request), 1, true)
#10 C:\xampp\htdocs\easy_ticket\vendor\laravel\framework\src\Illuminate\Foundation\Application.php(606): Stack\StackedHttpKernel->handle(Object(Illuminate\Http\Request))
#11 C:\xampp\htdocs\easy_ticket\public\index.php(49): Illuminate\Foundation\Application->run()
#12 {main} [] []
